\BOOKMARK [1][-]{section.1}{\376\377\003\243\003\304\003\314\003\307\003\277\003\302}{}% 1
\BOOKMARK [1][-]{section.2}{\376\377\003\240\003\265\003\301\003\271\003\265\003\307\003\314\003\274\003\265\003\275\003\261}{}% 2
\BOOKMARK [2][-]{subsection.2.1}{\376\377\000M\000o\000t\000i\000v\000a\000t\000i\000o\000n\000\040\000/\000\040\000U\000s\000e\000\040\000c\000a\000s\000e}{section.2}% 3
\BOOKMARK [1][-]{section.3}{\376\377\000O\000b\000j\000e\000c\000t\000i\000v\000e}{}% 4
\BOOKMARK [2][-]{subsection.3.1}{\376\377\000M\000a\000k\000e\000s\000p\000a\000n\000\040\000c\000a\000l\000c\000u\000l\000a\000t\000i\000o\000n\000s}{section.3}% 5
\BOOKMARK [1][-]{section.4}{\376\377\000P\000s\000e\000u\000d\000o\000c\000o\000d\000e\000\040\000f\000o\000r\000\040\000t\000h\000e\000\040\000M\000D\000-\000m\000f\000c\000m\000T\000S\000P\000\040\000h\000e\000u\000r\000i\000s\000t\000i\000c}{}% 6
\BOOKMARK [1][-]{section.5}{\376\377\000S\000o\000l\000v\000i\000n\000g\000\040\000t\000h\000e\000\040\000M\000D\000-\000m\000f\000c\000m\000T\000S\000P}{}% 7
\BOOKMARK [2][-]{subsection.5.1}{\376\377\000M\000D\000-\000m\000f\000c\000m\000T\000S\000P\000\040\000h\000e\000u\000r\000i\000s\000t\000i\000c}{section.5}% 8
\BOOKMARK [2][-]{subsection.5.2}{\376\377\000H\000y\000b\000r\000i\000d\000\040\000A\000n\000t\000\040\000C\000o\000l\000o\000n\000y\000\040\000O\000p\000t\000i\000m\000i\000z\000a\000t\000i\000o\000n}{section.5}% 9
\BOOKMARK [3][-]{subsubsection.5.2.1}{\376\377\000H\000-\000A\000A\000C\000O\000N\000C\000\040\000A\000l\000g\000o\000r\000i\000t\000h\000m}{subsection.5.2}% 10
\BOOKMARK [3][-]{subsubsection.5.2.2}{\376\377\000P\000h\000e\000r\000o\000m\000o\000n\000e\000\040\000m\000a\000t\000r\000i\000x\000\040\000u\000p\000d\000a\000t\000e}{subsection.5.2}% 11
\BOOKMARK [1][-]{section.6}{\376\377\000I\000n\000s\000t\000a\000n\000c\000e\000s}{}% 12
\BOOKMARK [1][-]{section.7}{\376\377\000R\000e\000s\000u\000l\000t\000s}{}% 13
\BOOKMARK [2][-]{subsection.7.1}{\376\377\000N\000e\000w\000\040\000h\000e\000u\000r\000i\000s\000t\000i\000c\000\040\000v\000s\000\040\000o\000r\000i\000g\000i\000n\000a\000l\000\040\000h\000e\000u\000r\000i\000s\000t\000i\000c}{section.7}% 14
\BOOKMARK [1][-]{section.8}{\376\377\000M\000D\000-\000m\000f\000c\000m\000T\000S\000P\000\040\000R\000e\000s\000u\000l\000t\000s\000\040\000A\000n\000a\000l\000y\000s\000i\000s}{}% 15
\BOOKMARK [2][-]{subsection.8.1}{\376\377\000L\000o\000c\000a\000l\000\040\000o\000p\000t\000i\000m\000i\000z\000a\000t\000i\000o\000n\000\040\000i\000m\000p\000a\000c\000t\000\040\000o\000n\000\040\000t\000h\000e\000\040\000h\000e\000u\000r\000i\000s\000t\000i\000c}{section.8}% 16
\BOOKMARK [3][-]{subsubsection.8.1.1}{\376\377\000P\000r\000o\000x\000i\000m\000i\000t\000y\000\040\000c\000l\000u\000s\000t\000e\000r\000i\000n\000g}{subsection.8.1}% 17
\BOOKMARK [1][-]{section.9}{\376\377\000N\000e\000w\000\040\000H\000y\000b\000r\000i\000d\000\040\000A\000A\000C\000O\000N\000C\000\040\000a\000l\000g\000o\000r\000i\000t\000h\000m}{}% 18
\BOOKMARK [2][-]{subsection.9.1}{\376\377\000P\000h\000e\000r\000o\000m\000o\000n\000e\000\040\000m\000a\000t\000r\000i\000x\000\040\000\046\000\040\000u\000p\000d\000a\000t\000e}{section.9}% 19
\BOOKMARK [2][-]{subsection.9.2}{\376\377\000R\000e\000s\000u\000l\000t\000s}{section.9}% 20
\BOOKMARK [3][-]{subsubsection.9.2.1}{\376\377\000M\000o\000t\000o\000r\000b\000i\000k\000e\000\040\000s\000p\000e\000e\000d\000\040\000=\000\040\0002\0000}{subsection.9.2}% 21
\BOOKMARK [3][-]{subsubsection.9.2.2}{\376\377\000M\000o\000t\000o\000r\000b\000i\000k\000e\000\040\000s\000p\000e\000e\000d\000\040\000=\000\040\0002\0005}{subsection.9.2}% 22
\BOOKMARK [3][-]{subsubsection.9.2.3}{\376\377\000C\000o\000m\000p\000a\000r\000i\000s\000o\000n\000\040\000o\000f\000\040\000a\000l\000g\000o\000r\000i\000t\000h\000m\000s}{subsection.9.2}% 23
\BOOKMARK [1][-]{section.10}{\376\377\000R\000e\000l\000a\000t\000e\000d\000\040\000L\000i\000t\000e\000r\000a\000t\000u\000r\000e}{}% 24
\BOOKMARK [1][-]{section.11}{\376\377\000I\000n\000i\000t\000i\000a\000l\000\040\000a\000p\000p\000r\000o\000a\000c\000h\000\040\000t\000o\000\040\000A\000A\000C\000O\000N\000C\000+}{}% 25
\BOOKMARK [2][-]{subsection.11.1}{\376\377\000A\000A\000C\000O\000N\000C\000+\000\040\000R\000e\000s\000u\000l\000t\000s\000\040\000a\000n\000d\000\040\000C\000o\000m\000p\000a\000r\000i\000s\000o\000n\000\040\000t\000o\000\040\000h\000e\000u\000r\000i\000s\000t\000i\000c\000s}{section.11}% 26
